#
# There is insufficient memory for the Java Runtime Environment to continue.
# Native memory allocation (malloc) failed to allocate 68336 bytes for Chunk::new
# Possible reasons:
#   The system is out of physical RAM or swap space
#   The process is running with CompressedOops enabled, and the Java Heap may be blocking the growth of the native heap
# Possible solutions:
#   Reduce memory load on the system
#   Increase physical memory or swap space
#   Check if swap backing store is full
#   Decrease Java heap size (-Xmx/-Xms)
#   Decrease number of Java threads
#   Decrease Java thread stack sizes (-Xss)
#   Set larger code cache with -XX:ReservedCodeCacheSize=
#   JVM is running with Unscaled Compressed Oops mode in which the Java heap is
#     placed in the first 4GB address space. The Java Heap base address is the
#     maximum limit for the native heap growth. Please use -XX:HeapBaseMinAddress
#     to set the Java Heap base and to place the Java Heap above 4GB virtual address.
# This output file may be truncated or incomplete.
#
#  Out of Memory Error (allocation.cpp:389), pid=10544, tid=0x0000000000002550
#
# JRE version: Java(TM) SE Runtime Environment (8.0_221-b11) (build 1.8.0_221-b11)
# Java VM: Java HotSpot(TM) 64-Bit Server VM (25.221-b11 mixed mode windows-amd64 compressed oops)
# Failed to write core dump. Minidumps are not enabled by default on client versions of Windows
#

---------------  T H R E A D  ---------------

Current thread (0x000000001523f800):  JavaThread "C2 CompilerThread0" daemon [_thread_in_native, id=9552, stack(0x00000000162a0000,0x00000000163a0000)]

Stack: [0x00000000162a0000,0x00000000163a0000]
[error occurred during error reporting (printing stack bounds), id 0xc0000005]

Native frames: (J=compiled Java code, j=interpreted, Vv=VM code, C=native code)


Current CompileTask:
C2:  22815 3212 %     4       sun.nio.cs.UTF_8$Decoder::decodeArrayLoop @ 73 (691 bytes)


---------------  P R O C E S S  ---------------

Java Threads: ( => current thread )
  0x0000000017e7f800 JavaThread "LWJGL Application" [_thread_in_native, id=8400, stack(0x000000001abf0000,0x000000001acf0000)]
  0x00000000175d9000 JavaThread "com.google.inject.internal.util.$Finalizer" daemon [_thread_blocked, id=4092, stack(0x0000000018570000,0x0000000018670000)]
  0x0000000017366000 JavaThread "EMF Reference Cleaner" daemon [_thread_blocked, id=10884, stack(0x0000000018270000,0x0000000018370000)]
  0x00000000152c3000 JavaThread "Service Thread" daemon [_thread_blocked, id=8724, stack(0x00000000164a0000,0x00000000165a0000)]
  0x0000000015245000 JavaThread "C1 CompilerThread1" daemon [_thread_blocked, id=288, stack(0x00000000163a0000,0x00000000164a0000)]
=>0x000000001523f800 JavaThread "C2 CompilerThread0" daemon [_thread_in_native, id=9552, stack(0x00000000162a0000,0x00000000163a0000)]
  0x000000001523e000 JavaThread "Attach Listener" daemon [_thread_blocked, id=2896, stack(0x00000000161a0000,0x00000000162a0000)]
  0x000000001523c800 JavaThread "Signal Dispatcher" daemon [_thread_blocked, id=944, stack(0x00000000160a0000,0x00000000161a0000)]
  0x0000000002edd000 JavaThread "Finalizer" daemon [_thread_blocked, id=10416, stack(0x0000000015e80000,0x0000000015f80000)]
  0x0000000002ed4000 JavaThread "Reference Handler" daemon [_thread_blocked, id=11628, stack(0x0000000015d80000,0x0000000015e80000)]
  0x0000000002de6000 JavaThread "main" [_thread_blocked, id=2844, stack(0x0000000002ce0000,0x0000000002de0000)]

Other Threads:
  0x0000000015206000 VMThread [stack: 0x0000000015c80000,0x0000000015d80000] [id=780]
  0x00000000152c6000 WatcherThread [stack: 0x00000000165a0000,0x00000000166a0000] [id=3468]

VM state:not at safepoint (normal execution)

VM Mutex/Monitor currently owned by a thread: None

heap address: 0x00000000c2000000, size: 992 MB, Compressed Oops mode: 32-bit
Narrow klass base: 0x0000000000000000, Narrow klass shift: 3
Compressed class space size: 1073741824 Address: 0x0000000100000000

Heap:
 PSYoungGen      total 38912K, used 5945K [0x00000000eb580000, 0x00000000ee280000, 0x0000000100000000)
  eden space 31744K, 18% used [0x00000000eb580000,0x00000000ebb4e7d8,0x00000000ed480000)
  from space 7168K, 0% used [0x00000000edb80000,0x00000000edb80000,0x00000000ee280000)
  to   space 7168K, 0% used [0x00000000ed480000,0x00000000ed480000,0x00000000edb80000)
 ParOldGen       total 51712K, used 21645K [0x00000000c2000000, 0x00000000c5280000, 0x00000000eb580000)
  object space 51712K, 41% used [0x00000000c2000000,0x00000000c3523778,0x00000000c5280000)
 Metaspace       used 21876K, capacity 22115K, committed 22528K, reserved 1069056K
  class space    used 2710K, capacity 2776K, committed 2816K, reserved 1048576K

Card table byte_map: [0x00000000122a0000,0x00000000124a0000] byte_map_base: 0x0000000011c90000

Marking Bits: (ParMarkBitMap*) 0x00000000713f5ce0
 Begin Bits: [0x00000000127f0000, 0x0000000013770000)
 End Bits:   [0x0000000013770000, 0x00000000146f0000)

Polling page: 0x00000000014e0000

CodeCache: size=245760Kb used=10173Kb max_used=10647Kb free=235586Kb
 bounds [0x0000000002ee0000, 0x0000000003950000, 0x0000000011ee0000]
 total_blobs=3578 nmethods=3027 adapters=463
 compilation: enabled

Compilation events (10 events):
Event: 22.570 Thread 0x0000000015245000 3218       1       com.badlogic.gdx.graphics.glutils.FileTextureData::getWidth (5 bytes)
Event: 22.571 Thread 0x0000000015245000 nmethod 3218 0x0000000003067cd0 code [0x0000000003067e20, 0x0000000003067f30]
Event: 22.571 Thread 0x0000000015245000 3219       1       com.badlogic.gdx.graphics.glutils.FileTextureData::getHeight (5 bytes)
Event: 22.571 Thread 0x0000000015245000 nmethod 3219 0x000000000316be10 code [0x000000000316bf60, 0x000000000316c070]
Event: 22.571 Thread 0x0000000015245000 3220       1       com.badlogic.gdx.graphics.g2d.TextureRegion::getRegionWidth (5 bytes)
Event: 22.571 Thread 0x0000000015245000 nmethod 3220 0x000000000316bb50 code [0x000000000316bca0, 0x000000000316bdb0]
Event: 22.571 Thread 0x0000000015245000 3221       1       com.badlogic.gdx.graphics.g2d.TextureRegion::getRegionHeight (5 bytes)
Event: 22.571 Thread 0x0000000015245000 nmethod 3221 0x00000000030190d0 code [0x0000000003019220, 0x0000000003019330]
Event: 22.571 Thread 0x0000000015245000 3222       1       com.badlogic.gdx.graphics.g2d.TextureRegion::getTexture (5 bytes)
Event: 22.571 Thread 0x0000000015245000 nmethod 3222 0x0000000003018e10 code [0x0000000003018f60, 0x0000000003019070]

GC Heap History (10 events):
Event: 5.954 GC heap before
{Heap before GC invocations=7 (full 0):
 PSYoungGen      total 18432K, used 18432K [0x00000000eb580000, 0x00000000ed980000, 0x0000000100000000)
  eden space 15872K, 100% used [0x00000000eb580000,0x00000000ec500000,0x00000000ec500000)
  from space 2560K, 100% used [0x00000000ec780000,0x00000000eca00000,0x00000000eca00000)
  to   space 2560K, 0% used [0x00000000ec500000,0x00000000ec500000,0x00000000ec780000)
 ParOldGen       total 42496K, used 15274K [0x00000000c2000000, 0x00000000c4980000, 0x00000000eb580000)
  object space 42496K, 35% used [0x00000000c2000000,0x00000000c2eea948,0x00000000c4980000)
 Metaspace       used 12898K, capacity 12970K, committed 13312K, reserved 1060864K
  class space    used 1692K, capacity 1727K, committed 1792K, reserved 1048576K
Event: 5.971 GC heap after
Heap after GC invocations=7 (full 0):
 PSYoungGen      total 18432K, used 2560K [0x00000000eb580000, 0x00000000ee280000, 0x0000000100000000)
  eden space 15872K, 0% used [0x00000000eb580000,0x00000000eb580000,0x00000000ec500000)
  from space 2560K, 100% used [0x00000000ec500000,0x00000000ec780000,0x00000000ec780000)
  to   space 7168K, 0% used [0x00000000edb80000,0x00000000edb80000,0x00000000ee280000)
 ParOldGen       total 42496K, used 18177K [0x00000000c2000000, 0x00000000c4980000, 0x00000000eb580000)
  object space 42496K, 42% used [0x00000000c2000000,0x00000000c31c0558,0x00000000c4980000)
 Metaspace       used 12898K, capacity 12970K, committed 13312K, reserved 1060864K
  class space    used 1692K, capacity 1727K, committed 1792K, reserved 1048576K
}
Event: 7.907 GC heap before
{Heap before GC invocations=8 (full 0):
 PSYoungGen      total 18432K, used 18432K [0x00000000eb580000, 0x00000000ee280000, 0x0000000100000000)
  eden space 15872K, 100% used [0x00000000eb580000,0x00000000ec500000,0x00000000ec500000)
  from space 2560K, 100% used [0x00000000ec500000,0x00000000ec780000,0x00000000ec780000)
  to   space 7168K, 0% used [0x00000000edb80000,0x00000000edb80000,0x00000000ee280000)
 ParOldGen       total 42496K, used 18177K [0x00000000c2000000, 0x00000000c4980000, 0x00000000eb580000)
  object space 42496K, 42% used [0x00000000c2000000,0x00000000c31c0558,0x00000000c4980000)
 Metaspace       used 15583K, capacity 15734K, committed 16000K, reserved 1062912K
  class space    used 2055K, capacity 2113K, committed 2176K, reserved 1048576K
Event: 7.920 GC heap after
Heap after GC invocations=8 (full 0):
 PSYoungGen      total 38912K, used 4934K [0x00000000eb580000, 0x00000000ee280000, 0x0000000100000000)
  eden space 31744K, 0% used [0x00000000eb580000,0x00000000eb580000,0x00000000ed480000)
  from space 7168K, 68% used [0x00000000edb80000,0x00000000ee051a68,0x00000000ee280000)
  to   space 7168K, 0% used [0x00000000ed480000,0x00000000ed480000,0x00000000edb80000)
 ParOldGen       total 42496K, used 19017K [0x00000000c2000000, 0x00000000c4980000, 0x00000000eb580000)
  object space 42496K, 44% used [0x00000000c2000000,0x00000000c3292610,0x00000000c4980000)
 Metaspace       used 15583K, capacity 15734K, committed 16000K, reserved 1062912K
  class space    used 2055K, capacity 2113K, committed 2176K, reserved 1048576K
}
Event: 10.936 GC heap before
{Heap before GC invocations=9 (full 0):
 PSYoungGen      total 38912K, used 36678K [0x00000000eb580000, 0x00000000ee280000, 0x0000000100000000)
  eden space 31744K, 100% used [0x00000000eb580000,0x00000000ed480000,0x00000000ed480000)
  from space 7168K, 68% used [0x00000000edb80000,0x00000000ee051a68,0x00000000ee280000)
  to   space 7168K, 0% used [0x00000000ed480000,0x00000000ed480000,0x00000000edb80000)
 ParOldGen       total 42496K, used 19017K [0x00000000c2000000, 0x00000000c4980000, 0x00000000eb580000)
  object space 42496K, 44% used [0x00000000c2000000,0x00000000c3292610,0x00000000c4980000)
 Metaspace       used 18539K, capacity 18736K, committed 18944K, reserved 1064960K
  class space    used 2431K, capacity 2480K, committed 2560K, reserved 1048576K
Event: 10.983 GC heap after
Heap after GC invocations=9 (full 0):
 PSYoungGen      total 38912K, used 7145K [0x00000000eb580000, 0x00000000ee280000, 0x0000000100000000)
  eden space 31744K, 0% used [0x00000000eb580000,0x00000000eb580000,0x00000000ed480000)
  from space 7168K, 99% used [0x00000000ed480000,0x00000000edb7a470,0x00000000edb80000)
  to   space 7168K, 0% used [0x00000000edb80000,0x00000000edb80000,0x00000000ee280000)
 ParOldGen       total 42496K, used 19654K [0x00000000c2000000, 0x00000000c4980000, 0x00000000eb580000)
  object space 42496K, 46% used [0x00000000c2000000,0x00000000c3331a68,0x00000000c4980000)
 Metaspace       used 18539K, capacity 18736K, committed 18944K, reserved 1064960K
  class space    used 2431K, capacity 2480K, committed 2560K, reserved 1048576K
}
Event: 17.454 GC heap before
{Heap before GC invocations=10 (full 0):
 PSYoungGen      total 38912K, used 29754K [0x00000000eb580000, 0x00000000ee280000, 0x0000000100000000)
  eden space 31744K, 71% used [0x00000000eb580000,0x00000000ecb94438,0x00000000ed480000)
  from space 7168K, 99% used [0x00000000ed480000,0x00000000edb7a470,0x00000000edb80000)
  to   space 7168K, 0% used [0x00000000edb80000,0x00000000edb80000,0x00000000ee280000)
 ParOldGen       total 42496K, used 19654K [0x00000000c2000000, 0x00000000c4980000, 0x00000000eb580000)
  object space 42496K, 46% used [0x00000000c2000000,0x00000000c3331a68,0x00000000c4980000)
 Metaspace       used 20792K, capacity 20992K, committed 21248K, reserved 1067008K
  class space    used 2657K, capacity 2712K, committed 2816K, reserved 1048576K
Event: 17.471 GC heap after
Heap after GC invocations=10 (full 0):
 PSYoungGen      total 38912K, used 4473K [0x00000000eb580000, 0x00000000ee280000, 0x0000000100000000)
  eden space 31744K, 0% used [0x00000000eb580000,0x00000000eb580000,0x00000000ed480000)
  from space 7168K, 62% used [0x00000000edb80000,0x00000000edfde6c0,0x00000000ee280000)
  to   space 7168K, 0% used [0x00000000ed480000,0x00000000ed480000,0x00000000edb80000)
 ParOldGen       total 42496K, used 21964K [0x00000000c2000000, 0x00000000c4980000, 0x00000000eb580000)
  object space 42496K, 51% used [0x00000000c2000000,0x00000000c35732a8,0x00000000c4980000)
 Metaspace       used 20792K, capacity 20992K, committed 21248K, reserved 1067008K
  class space    used 2657K, capacity 2712K, committed 2816K, reserved 1048576K
}
Event: 17.471 GC heap before
{Heap before GC invocations=11 (full 1):
 PSYoungGen      total 38912K, used 4473K [0x00000000eb580000, 0x00000000ee280000, 0x0000000100000000)
  eden space 31744K, 0% used [0x00000000eb580000,0x00000000eb580000,0x00000000ed480000)
  from space 7168K, 62% used [0x00000000edb80000,0x00000000edfde6c0,0x00000000ee280000)
  to   space 7168K, 0% used [0x00000000ed480000,0x00000000ed480000,0x00000000edb80000)
 ParOldGen       total 42496K, used 21964K [0x00000000c2000000, 0x00000000c4980000, 0x00000000eb580000)
  object space 42496K, 51% used [0x00000000c2000000,0x00000000c35732a8,0x00000000c4980000)
 Metaspace       used 20792K, capacity 20992K, committed 21248K, reserved 1067008K
  class space    used 2657K, capacity 2712K, committed 2816K, reserved 1048576K
Event: 17.825 GC heap after
Heap after GC invocations=11 (full 1):
 PSYoungGen      total 38912K, used 0K [0x00000000eb580000, 0x00000000ee280000, 0x0000000100000000)
  eden space 31744K, 0% used [0x00000000eb580000,0x00000000eb580000,0x00000000ed480000)
  from space 7168K, 0% used [0x00000000edb80000,0x00000000edb80000,0x00000000ee280000)
  to   space 7168K, 0% used [0x00000000ed480000,0x00000000ed480000,0x00000000edb80000)
 ParOldGen       total 51712K, used 21645K [0x00000000c2000000, 0x00000000c5280000, 0x00000000eb580000)
  object space 51712K, 41% used [0x00000000c2000000,0x00000000c3523778,0x00000000c5280000)
 Metaspace       used 20792K, capacity 20992K, committed 21248K, reserved 1067008K
  class space    used 2657K, capacity 2712K, committed 2816K, reserved 1048576K
}

Deoptimization events (10 events):
Event: 10.028 Thread 0x0000000002de6000 Uncommon trap: reason=bimorphic action=maybe_recompile pc=0x0000000003713ed8 method=org.eclipse.emf.common.util.AbstractTreeIterator.next()Ljava/lang/Object; @ 153
Event: 10.028 Thread 0x0000000002de6000 Uncommon trap: reason=bimorphic action=maybe_recompile pc=0x0000000003713ed8 method=org.eclipse.emf.common.util.AbstractTreeIterator.next()Ljava/lang/Object; @ 153
Event: 10.280 Thread 0x0000000002de6000 Uncommon trap: reason=unstable_if action=reinterpret pc=0x00000000036f5bc8 method=org.uqbar.project.wollok.parser.antlr.internal.InternalWollokDslLexer.mRULE_WS()V @ 40
Event: 10.291 Thread 0x0000000002de6000 Uncommon trap: reason=null_check action=make_not_entrant pc=0x000000000377aec0 method=org.eclipse.xtext.util.OnChangeEvictingCache.getOrCreate(Lorg/eclipse/emf/ecore/resource/Resource;)Lorg/eclipse/xtext/util/OnChangeEvictingCache$CacheAdapter; @ 11
Event: 10.911 Thread 0x0000000002de6000 Uncommon trap: reason=unstable_if action=reinterpret pc=0x00000000033f6d14 method=java.util.concurrent.ConcurrentHashMap.putVal(Ljava/lang/Object;Ljava/lang/Object;Z)Ljava/lang/Object; @ 181
Event: 11.925 Thread 0x0000000002de6000 Uncommon trap: reason=unstable_if action=reinterpret pc=0x0000000003856410 method=org.uqbar.project.wollok.wollokDsl.impl.WMemberFeatureCallImpl.eIsSet(I)Z @ 104
Event: 11.925 Thread 0x0000000002de6000 Uncommon trap: reason=bimorphic action=maybe_recompile pc=0x000000000331b318 method=java.util.HashMap.putVal(ILjava/lang/Object;Ljava/lang/Object;ZZ)Ljava/lang/Object; @ 203
Event: 11.946 Thread 0x0000000002de6000 Uncommon trap: reason=bimorphic action=maybe_recompile pc=0x000000000331b318 method=java.util.HashMap.putVal(ILjava/lang/Object;Ljava/lang/Object;ZZ)Ljava/lang/Object; @ 203
Event: 13.169 Thread 0x0000000002de6000 Uncommon trap: reason=unstable_if action=reinterpret pc=0x0000000003530ba0 method=sun.security.provider.DigestBase.engineUpdate([BII)V @ 1
Event: 19.746 Thread 0x0000000017e7f800 Uncommon trap: reason=null_check action=make_not_entrant pc=0x0000000003157214 method=java.lang.StringCoding.deref(Ljava/lang/ThreadLocal;)Ljava/lang/Object; @ 4

Classes redefined (0 events):
No events

Internal exceptions (10 events):
Event: 11.674 Thread 0x0000000002de6000 Exception <a 'java/lang/reflect/InvocationTargetException'> (0x00000000ebab81c0) thrown at [C:\re\workspace\8-2-build-windows-amd64-cygwin\jdk8u221\13320\hotspot\src\share\vm\runtime\reflection.cpp, line 1092]
Event: 11.678 Thread 0x0000000002de6000 Exception <a 'java/lang/reflect/InvocationTargetException'> (0x00000000ebad2068) thrown at [C:\re\workspace\8-2-build-windows-amd64-cygwin\jdk8u221\13320\hotspot\src\share\vm\runtime\reflection.cpp, line 1092]
Event: 11.724 Thread 0x0000000002de6000 Exception <a 'java/lang/reflect/InvocationTargetException'> (0x00000000ebb24c58) thrown at [C:\re\workspace\8-2-build-windows-amd64-cygwin\jdk8u221\13320\hotspot\src\share\vm\runtime\reflection.cpp, line 1092]
Event: 14.431 Thread 0x0000000002de6000 Exception <a 'java/security/PrivilegedActionException'> (0x00000000ec7e0088) thrown at [C:\re\workspace\8-2-build-windows-amd64-cygwin\jdk8u221\13320\hotspot\src\share\vm\prims\jvm.cpp, line 1502]
Event: 14.431 Thread 0x0000000002de6000 Exception <a 'java/security/PrivilegedActionException'> (0x00000000ec7e15b8) thrown at [C:\re\workspace\8-2-build-windows-amd64-cygwin\jdk8u221\13320\hotspot\src\share\vm\prims\jvm.cpp, line 1502]
Event: 14.431 Thread 0x0000000002de6000 Exception <a 'java/security/PrivilegedActionException'> (0x00000000ec7e29e8) thrown at [C:\re\workspace\8-2-build-windows-amd64-cygwin\jdk8u221\13320\hotspot\src\share\vm\prims\jvm.cpp, line 1502]
Event: 14.431 Thread 0x0000000002de6000 Exception <a 'java/security/PrivilegedActionException'> (0x00000000ec7e40a8) thrown at [C:\re\workspace\8-2-build-windows-amd64-cygwin\jdk8u221\13320\hotspot\src\share\vm\prims\jvm.cpp, line 1502]
Event: 14.431 Thread 0x0000000002de6000 Exception <a 'java/security/PrivilegedActionException'> (0x00000000ec7e54a0) thrown at [C:\re\workspace\8-2-build-windows-amd64-cygwin\jdk8u221\13320\hotspot\src\share\vm\prims\jvm.cpp, line 1502]
Event: 14.432 Thread 0x0000000002de6000 Exception <a 'java/security/PrivilegedActionException'> (0x00000000ec7e6868) thrown at [C:\re\workspace\8-2-build-windows-amd64-cygwin\jdk8u221\13320\hotspot\src\share\vm\prims\jvm.cpp, line 1502]
Event: 19.746 Thread 0x0000000017e7f800 Implicit null exception at 0x0000000003156bc0 to 0x00000000031571f9

Events (10 events):
Event: 22.520 loading class java/util/regex/Pattern$CharProperty$1
Event: 22.520 loading class java/util/regex/Pattern$CharProperty$1 done
Event: 22.539 loading class com/badlogic/gdx/graphics/g2d/BitmapFontCache
Event: 22.539 loading class com/badlogic/gdx/graphics/g2d/BitmapFontCache done
Event: 22.541 loading class com/badlogic/gdx/graphics/g2d/TextureAtlas$AtlasRegion
Event: 22.541 loading class com/badlogic/gdx/graphics/g2d/TextureAtlas$AtlasRegion done
Event: 22.571 loading class com/badlogic/gdx/graphics/g2d/SpriteBatch
Event: 22.571 loading class com/badlogic/gdx/graphics/g2d/SpriteBatch done
Event: 22.597 loading class com/badlogic/gdx/graphics/Mesh$VertexDataType
Event: 22.597 loading class com/badlogic/gdx/graphics/Mesh$VertexDataType done


Dynamic libraries:
0x00007ff720db0000 - 0x00007ff720de7000 	C:\Program Files\Java\jre1.8.0_221\bin\javaw.exe
0x00007ffed4b80000 - 0x00007ffed4d70000 	C:\WINDOWS\SYSTEM32\ntdll.dll
0x00007ffed3850000 - 0x00007ffed3902000 	C:\WINDOWS\System32\KERNEL32.DLL
0x00007ffed25d0000 - 0x00007ffed2873000 	C:\WINDOWS\System32\KERNELBASE.dll
0x00007ffed3b40000 - 0x00007ffed3be3000 	C:\WINDOWS\System32\ADVAPI32.dll
0x00007ffed40b0000 - 0x00007ffed414e000 	C:\WINDOWS\System32\msvcrt.dll
0x00007ffed2df0000 - 0x00007ffed2e87000 	C:\WINDOWS\System32\sechost.dll
0x00007ffed3bf0000 - 0x00007ffed3d10000 	C:\WINDOWS\System32\RPCRT4.dll
0x00007ffed48c0000 - 0x00007ffed4a53000 	C:\WINDOWS\System32\USER32.dll
0x00007ffed2a80000 - 0x00007ffed2aa1000 	C:\WINDOWS\System32\win32u.dll
0x00007ffed46b0000 - 0x00007ffed46d6000 	C:\WINDOWS\System32\GDI32.dll
0x00007ffed2880000 - 0x00007ffed2a14000 	C:\WINDOWS\System32\gdi32full.dll
0x00007ffed1c80000 - 0x00007ffed1d1e000 	C:\WINDOWS\System32\msvcp_win.dll
0x00007ffed2b30000 - 0x00007ffed2c2a000 	C:\WINDOWS\System32\ucrtbase.dll
0x00007ffebf400000 - 0x00007ffebf685000 	C:\WINDOWS\WinSxS\amd64_microsoft.windows.common-controls_6595b64144ccf1df_6.0.18362.356_none_e6c4af7d130f27cc\COMCTL32.dll
0x00007ffed3d70000 - 0x00007ffed40a6000 	C:\WINDOWS\System32\combase.dll
0x00007ffed2ab0000 - 0x00007ffed2b30000 	C:\WINDOWS\System32\bcryptPrimitives.dll
0x00007ffed4200000 - 0x00007ffed422e000 	C:\WINDOWS\System32\IMM32.DLL
0x0000000070a10000 - 0x0000000070ae2000 	C:\Program Files\Java\jre1.8.0_221\bin\msvcr100.dll
0x0000000070bd0000 - 0x0000000071475000 	C:\Program Files\Java\jre1.8.0_221\bin\server\jvm.dll
0x00007ffed46a0000 - 0x00007ffed46a8000 	C:\WINDOWS\System32\PSAPI.DLL
0x00007ffecb930000 - 0x00007ffecb939000 	C:\WINDOWS\SYSTEM32\WSOCK32.dll
0x00007ffed4760000 - 0x00007ffed47cf000 	C:\WINDOWS\System32\WS2_32.dll
0x00007ffec84c0000 - 0x00007ffec84ca000 	C:\WINDOWS\SYSTEM32\VERSION.dll
0x00007ffece650000 - 0x00007ffece674000 	C:\WINDOWS\SYSTEM32\WINMM.dll
0x00007ffece620000 - 0x00007ffece64d000 	C:\WINDOWS\SYSTEM32\winmmbase.dll
0x00007ffed1d20000 - 0x00007ffed1d6a000 	C:\WINDOWS\System32\cfgmgr32.dll
0x00007ffecb4b0000 - 0x00007ffecb4bf000 	C:\Program Files\Java\jre1.8.0_221\bin\verify.dll
0x00007ffec9bf0000 - 0x00007ffec9c19000 	C:\Program Files\Java\jre1.8.0_221\bin\java.dll
0x00007ffec94e0000 - 0x00007ffec94f6000 	C:\Program Files\Java\jre1.8.0_221\bin\zip.dll
0x00007ffed2ea0000 - 0x00007ffed3585000 	C:\WINDOWS\System32\SHELL32.dll
0x00007ffed4150000 - 0x00007ffed41f9000 	C:\WINDOWS\System32\shcore.dll
0x00007ffed1e50000 - 0x00007ffed25ce000 	C:\WINDOWS\System32\windows.storage.dll
0x00007ffed1aa0000 - 0x00007ffed1abf000 	C:\WINDOWS\System32\profapi.dll
0x00007ffed1ac0000 - 0x00007ffed1b0a000 	C:\WINDOWS\System32\powrprof.dll
0x00007ffed1a50000 - 0x00007ffed1a60000 	C:\WINDOWS\System32\UMPDC.dll
0x00007ffed3d10000 - 0x00007ffed3d62000 	C:\WINDOWS\System32\shlwapi.dll
0x00007ffed1a80000 - 0x00007ffed1a91000 	C:\WINDOWS\System32\kernel.appcore.dll
0x00007ffed1b10000 - 0x00007ffed1b27000 	C:\WINDOWS\System32\cryptsp.dll
0x0000000065580000 - 0x0000000065616000 	C:\Users\Rouse\AppData\Local\Temp\libgdxRouse\12dfaa03\gdx64.dll
0x00007ffed0e30000 - 0x00007ffed0e63000 	C:\WINDOWS\system32\rsaenh.dll
0x00007ffed1e20000 - 0x00007ffed1e46000 	C:\WINDOWS\System32\bcrypt.dll
0x00007ffed1940000 - 0x00007ffed1965000 	C:\WINDOWS\SYSTEM32\USERENV.dll
0x00007ffed1490000 - 0x00007ffed149c000 	C:\WINDOWS\SYSTEM32\CRYPTBASE.dll
0x00007ffec8110000 - 0x00007ffec812a000 	C:\Program Files\Java\jre1.8.0_221\bin\net.dll
0x00007ffec6310000 - 0x00007ffec64e6000 	C:\WINDOWS\SYSTEM32\urlmon.dll
0x00007ffec6610000 - 0x00007ffec68b6000 	C:\WINDOWS\SYSTEM32\iertutil.dll
0x00007ffed12c0000 - 0x00007ffed1327000 	C:\WINDOWS\system32\mswsock.dll
0x00007ffed0fd0000 - 0x00007ffed100a000 	C:\WINDOWS\SYSTEM32\IPHLPAPI.DLL
0x00007ffed2e90000 - 0x00007ffed2e98000 	C:\WINDOWS\System32\NSI.dll
0x00007ffec9180000 - 0x00007ffec9196000 	C:\WINDOWS\SYSTEM32\dhcpcsvc6.DLL
0x00007ffec93e0000 - 0x00007ffec93fc000 	C:\WINDOWS\SYSTEM32\dhcpcsvc.DLL
0x00007ffed1020000 - 0x00007ffed10ea000 	C:\WINDOWS\SYSTEM32\DNSAPI.dll
0x00007ffec7540000 - 0x00007ffec7552000 	C:\Program Files\Java\jre1.8.0_221\bin\nio.dll
0x0000000180000000 - 0x0000000180053000 	C:\Users\Rouse\AppData\Local\Temp\libgdxRouse\dc0f0009\lwjgl64.dll
0x00007ffec8190000 - 0x00007ffec82e6000 	C:\WINDOWS\SYSTEM32\OPENGL32.dll
0x00007ffecc7f0000 - 0x00007ffecc81c000 	C:\WINDOWS\SYSTEM32\GLU32.dll
0x00007ffed0600000 - 0x00007ffed0620000 	C:\WINDOWS\SYSTEM32\dxcore.dll
0x000000001a320000 - 0x000000001a384000 	C:\Users\Rouse\AppData\Local\Temp\libgdxRouse\dc0f0009\OpenAL64.dll
0x00007ffed2c30000 - 0x00007ffed2d86000 	C:\WINDOWS\System32\ole32.dll
0x00007ffecfcf0000 - 0x00007ffecfd89000 	C:\WINDOWS\system32\uxtheme.dll
0x00007ffed3590000 - 0x00007ffed3632000 	C:\WINDOWS\System32\clbcatq.dll
0x00007ffec6d40000 - 0x00007ffec6dd9000 	C:\WINDOWS\SYSTEM32\dsound.dll
0x00007ffec8f40000 - 0x00007ffec8fb8000 	C:\WINDOWS\System32\MMDevApi.dll
0x00007ffed1850000 - 0x00007ffed187a000 	C:\WINDOWS\System32\DEVOBJ.dll
0x00007ffec84d0000 - 0x00007ffec862d000 	C:\WINDOWS\SYSTEM32\AUDIOSES.DLL
0x00007ffed4a60000 - 0x00007ffed4b24000 	C:\WINDOWS\System32\OLEAUT32.dll
0x00007ffecdab0000 - 0x00007ffecdc03000 	C:\WINDOWS\SYSTEM32\wintypes.dll
0x00007ffecfde0000 - 0x00007ffecfdf4000 	C:\WINDOWS\SYSTEM32\resourcepolicyclient.dll
0x00007ffecd6c0000 - 0x00007ffecd76e000 	C:\WINDOWS\SYSTEM32\mscms.dll
0x00007ffecd6a0000 - 0x00007ffecd6b7000 	C:\WINDOWS\SYSTEM32\ColorAdapterClient.dll
0x00007ffeca630000 - 0x00007ffeca64a000 	C:\Windows\System32\Windows.Internal.Graphics.Display.DisplayColorManagement.dll
0x00007ffed3a00000 - 0x00007ffed3b35000 	C:\WINDOWS\System32\MSCTF.dll
0x00007ffea6570000 - 0x00007ffea6da1000 	C:\WINDOWS\SYSTEM32\ig7icd64.dll
0x00007ffecbe00000 - 0x00007ffecc265000 	C:\WINDOWS\SYSTEM32\igdusc64.dll
0x00007ffece470000 - 0x00007ffece483000 	C:\WINDOWS\SYSTEM32\WTSAPI32.dll
0x00007ffed0060000 - 0x00007ffed008d000 	C:\WINDOWS\SYSTEM32\dwmapi.dll
0x00007ffec7b30000 - 0x00007ffec7bce000 	C:\WINDOWS\System32\TextInputFramework.dll
0x00007ffecdc10000 - 0x00007ffecdf3a000 	C:\WINDOWS\System32\CoreUIComponents.dll
0x00007ffecf5f0000 - 0x00007ffecf6c4000 	C:\WINDOWS\System32\CoreMessaging.dll
0x00007ffed0ab0000 - 0x00007ffed0ae1000 	C:\WINDOWS\SYSTEM32\ntmarta.dll
0x00007ffece270000 - 0x00007ffece2b3000 	C:\WINDOWS\SYSTEM32\icm32.dll
0x00007ffed0690000 - 0x00007ffed077b000 	C:\WINDOWS\SYSTEM32\dxgi.dll
0x00007ffecf1b0000 - 0x00007ffecf40b000 	C:\WINDOWS\SYSTEM32\d3d11.dll
0x00007ffec0010000 - 0x00007ffec0bb2000 	C:\WINDOWS\SYSTEM32\igd10iumd64.dll
0x00007ffed1590000 - 0x00007ffed15b6000 	C:\WINDOWS\SYSTEM32\ncrypt.dll
0x00007ffed1550000 - 0x00007ffed158b000 	C:\WINDOWS\SYSTEM32\NTASN1.dll

VM Arguments:
jvm_args: -Duser.language=es_AR -Dfile.encoding=UTF-8 
java_command: org.uqbar.project.wollok.launch.WollokLauncher -requestsPort 0 -eventsPort 0 -folder -dontValidate -wf src/game.wpgm
java_class_path (initial): C:\Users\Rouse\Documents\unahur\Segundo_Cuatrimestre.2019\Objetos_1\granjaVilla\granjavilla-RosaAlfonso1993\bin;C:\Users\Rouse\Documents\EXTRAS\wollok\plugins\com.ibm.icu_56.1.0.v201601250100.jar;C:\Users\Rouse\Documents\EXTRAS\wollok\plugins\org.eclipse.xtext_2.11.0.v20170130-0808.jar;C:\Users\Rouse\Documents\EXTRAS\wollok\plugins\org.eclipse.emf.ecore.xmi_2.12.0.v20160420-0247.jar;C:\Users\Rouse\Documents\EXTRAS\wollok\plugins\org.eclipse.emf.ecore_2.12.0.v20160420-0247.jar;C:\Users\Rouse\Documents\EXTRAS\wollok\plugins\org.eclipse.emf.common_2.12.0.v20160420-0247.jar;C:\Users\Rouse\Documents\EXTRAS\wollok\plugins\org.antlr.runtime_3.2.0.v201101311130.jar;C:\Users\Rouse\Documents\EXTRAS\wollok\plugins\com.google.inject_3.0.0.v201605172100.jar;C:\Users\Rouse\Documents\EXTRAS\wollok\plugins\org.eclipse.emf.mwe.core_1.5.0.201906111547.jar;C:\Users\Rouse\Documents\EXTRAS\wollok\plugins\org.apache.commons.cli_1.2.0.v201404270220.jar;C:\Users\Rouse\Documents\EXTRAS\wollok\plugins\org.eclipse.emf.mwe2.runtime_2.11.0.201906111547.jar;C:\Users\Rouse\Documents\EXTRAS\wollok\plugins\org.eclipse.emf.mwe.utils_1.5.0.201906111547.jar;C:\Users\Rouse\Documents\EXTRAS\wollok\plugins\org.eclipse.xtext.util_2.11.0.v20170130-0808.jar;C:\Users\Rouse\Documents\EXTRAS\wollok\plugins\com.google.guava_15.0.0.v201403281430.jar;C:\Users\Rouse\Documents\EXTRAS\wollok\plugins\javax.inject_1.0.0.v20091030.jar;C:\Users\Rouse\Documents\EXTRAS\wollok\plugins\org.eclipse.xtext.generator_2.11.0.v20170131-1210.jar;C:\Users\Rouse\Documents\EXTRAS\wollok\plugins\org.eclipse.xtext.xtext.generator_2.11.0.v20170130-0808.jar;C:\Users\Rouse\Documents\EXTRAS\wollok\plugins\org.eclipse.xtext.xbase.lib_2.11.0.v20170124-1424.jar;C:\Users\Rouse\Documents\EXTRAS\wollok\plugins\org.eclipse.emf.codegen.ecore_2.12.0.v20160526-0356.jar;C:\Users\Rouse\Documents\EXTRAS\wollok\plugins\org.eclipse.emf.codegen_2.11.0.v20160526-0356.jar;C:\Users\Rouse\Documents\EXTRAS\wollok\plugins\org.eclips
Launcher Type: SUN_STANDARD

Environment Variables:
PATH=C:/Program Files/Java/jre1.8.0_221/bin/server;C:/Program Files/Java/jre1.8.0_221/bin;C:/Program Files/Java/jre1.8.0_221/lib/amd64;C:\Program Files (x86)\Common Files\Oracle\Java\javapath;C:\ProgramData\Oracle\Java\javapath;C:\Program Files (x86)\Intel\iCLS Client\;C:\Program Files\Intel\iCLS Client\;C:\WINDOWS\system32;C:\WINDOWS;C:\WINDOWS\System32\Wbem;C:\WINDOWS\System32\WindowsPowerShell\v1.0\;C:\Program Files\Intel\Intel(R) Management Engine Components\DAL;C:\Program Files\Intel\Intel(R) Management Engine Components\IPT;C:\Program Files (x86)\Intel\Intel(R) Management Engine Components\DAL;C:\Program Files (x86)\Intel\Intel(R) Management Engine Components\IPT;C:\Program Files (x86)\Intel\OpenCL SDK\2.0\bin\x86;C:\Program Files (x86)\Intel\OpenCL SDK\2.0\bin\x64;C:\WINDOWS\System32\OpenSSH\;C:\Program Files\Git\cmd;C:\Users\Rouse\AppData\Local\Programs\Python\Python37\Scripts\;C:\Users\Rouse\AppData\Local\Programs\Python\Python37\;C:\Users\Rouse\AppData\Local\Programs\Microsoft VS Code\bin;%USERPROFILE%\AppData\Local\Microsoft\WindowsApps;;C:\Users\Rouse\Documents\EXTRAS\wollok;
USERNAME=Rouse
OS=Windows_NT
PROCESSOR_IDENTIFIER=Intel64 Family 6 Model 58 Stepping 9, GenuineIntel



---------------  S Y S T E M  ---------------

OS: Windows 10.0 , 64 bit Build 18362 (10.0.18362.329)

CPU:total 2 (initial active 2) (2 cores per cpu, 1 threads per core) family 6 model 58 stepping 9, cmov, cx8, fxsr, mmx, sse, sse2, sse3, ssse3, sse4.1, sse4.2, popcnt, clmul, erms, tsc, tscinvbit, tscinv

Memory: 4k page, physical 4056852k(331668k free), swap 5481236k(54268k free)

vm_info: Java HotSpot(TM) 64-Bit Server VM (25.221-b11) for windows-amd64 JRE (1.8.0_221-b11), built on Jul  4 2019 04:39:29 by "java_re" with MS VC++ 10.0 (VS2010)

time: Thu Oct 03 21:37:25 2019
timezone: Hora estándar de Argentina
elapsed time: 22 seconds (0d 0h 0m 22s)

