#
# There is insufficient memory for the Java Runtime Environment to continue.
# Native memory allocation (malloc) failed to allocate 1338736 bytes for Chunk::new
# Possible reasons:
#   The system is out of physical RAM or swap space
#   The process is running with CompressedOops enabled, and the Java Heap may be blocking the growth of the native heap
# Possible solutions:
#   Reduce memory load on the system
#   Increase physical memory or swap space
#   Check if swap backing store is full
#   Decrease Java heap size (-Xmx/-Xms)
#   Decrease number of Java threads
#   Decrease Java thread stack sizes (-Xss)
#   Set larger code cache with -XX:ReservedCodeCacheSize=
#   JVM is running with Unscaled Compressed Oops mode in which the Java heap is
#     placed in the first 4GB address space. The Java Heap base address is the
#     maximum limit for the native heap growth. Please use -XX:HeapBaseMinAddress
#     to set the Java Heap base and to place the Java Heap above 4GB virtual address.
# This output file may be truncated or incomplete.
#
#  Out of Memory Error (allocation.cpp:389), pid=10416, tid=0x000000000000176c
#
# JRE version: Java(TM) SE Runtime Environment (8.0_221-b11) (build 1.8.0_221-b11)
# Java VM: Java HotSpot(TM) 64-Bit Server VM (25.221-b11 mixed mode windows-amd64 compressed oops)
# Failed to write core dump. Minidumps are not enabled by default on client versions of Windows
#

---------------  T H R E A D  ---------------

Current thread (0x0000000015401800):  JavaThread "C2 CompilerThread0" daemon [_thread_in_native, id=5996, stack(0x0000000016470000,0x0000000016570000)]

Stack: [0x0000000016470000,0x0000000016570000]
[error occurred during error reporting (printing stack bounds), id 0xc0000005]

Native frames: (J=compiled Java code, j=interpreted, Vv=VM code, C=native code)


Current CompileTask:
C2:  16644 3820       4       org.uqbar.project.wollok.launch.WollokLauncherInterpreterEvaluator::evaluate (502 bytes)


---------------  P R O C E S S  ---------------

Java Threads: ( => current thread )
  0x00000000179bb800 JavaThread "LWJGL Timer" daemon [_thread_blocked, id=1728, stack(0x000000001de10000,0x000000001df10000)]
  0x0000000016cf6800 JavaThread "LWJGL Application" [_thread_in_native, id=7180, stack(0x000000001ab20000,0x000000001ac20000)]
  0x00000000172a9800 JavaThread "com.google.inject.internal.util.$Finalizer" daemon [_thread_blocked, id=2564, stack(0x0000000018740000,0x0000000018840000)]
  0x00000000177b0800 JavaThread "EMF Reference Cleaner" daemon [_thread_blocked, id=4664, stack(0x0000000018440000,0x0000000018540000)]
  0x0000000015474000 JavaThread "Service Thread" daemon [_thread_blocked, id=7632, stack(0x0000000016670000,0x0000000016770000)]
  0x0000000015406800 JavaThread "C1 CompilerThread1" daemon [_thread_blocked, id=8548, stack(0x0000000016570000,0x0000000016670000)]
=>0x0000000015401800 JavaThread "C2 CompilerThread0" daemon [_thread_in_native, id=5996, stack(0x0000000016470000,0x0000000016570000)]
  0x00000000153fe000 JavaThread "Attach Listener" daemon [_thread_blocked, id=1012, stack(0x0000000016370000,0x0000000016470000)]
  0x00000000153fc800 JavaThread "Signal Dispatcher" daemon [_thread_blocked, id=1808, stack(0x0000000016270000,0x0000000016370000)]
  0x0000000002fbd000 JavaThread "Finalizer" daemon [_thread_blocked, id=10160, stack(0x0000000016050000,0x0000000016150000)]
  0x0000000002fb4000 JavaThread "Reference Handler" daemon [_thread_blocked, id=7316, stack(0x0000000015f50000,0x0000000016050000)]
  0x0000000002ec6000 JavaThread "main" [_thread_blocked, id=10776, stack(0x0000000002d20000,0x0000000002e20000)]

Other Threads:
  0x00000000153c6000 VMThread [stack: 0x0000000015e50000,0x0000000015f50000] [id=11580]
  0x0000000015480000 WatcherThread [stack: 0x0000000016770000,0x0000000016870000] [id=11772]

VM state:not at safepoint (normal execution)

VM Mutex/Monitor currently owned by a thread: None

heap address: 0x00000000c2000000, size: 992 MB, Compressed Oops mode: 32-bit
Narrow klass base: 0x0000000000000000, Narrow klass shift: 3
Compressed class space size: 1073741824 Address: 0x0000000100000000

Heap:
 PSYoungGen      total 141312K, used 78355K [0x00000000eb580000, 0x00000000f7b80000, 0x0000000100000000)
  eden space 126976K, 60% used [0x00000000eb580000,0x00000000f007b898,0x00000000f3180000)
  from space 14336K, 10% used [0x00000000f3180000,0x00000000f3309388,0x00000000f3f80000)
  to   space 14848K, 0% used [0x00000000f6d00000,0x00000000f6d00000,0x00000000f7b80000)
 ParOldGen       total 65536K, used 28163K [0x00000000c2000000, 0x00000000c6000000, 0x00000000eb580000)
  object space 65536K, 42% used [0x00000000c2000000,0x00000000c3b80fb8,0x00000000c6000000)
 Metaspace       used 22703K, capacity 23009K, committed 23168K, reserved 1069056K
  class space    used 2763K, capacity 2837K, committed 2944K, reserved 1048576K

Card table byte_map: [0x0000000012460000,0x0000000012660000] byte_map_base: 0x0000000011e50000

Marking Bits: (ParMarkBitMap*) 0x00000000713f5ce0
 Begin Bits: [0x00000000129b0000, 0x0000000013930000)
 End Bits:   [0x0000000013930000, 0x00000000148b0000)

Polling page: 0x0000000001090000

CodeCache: size=245760Kb used=12558Kb max_used=12558Kb free=233201Kb
 bounds [0x00000000030a0000, 0x0000000003cf0000, 0x00000000120a0000]
 total_blobs=4190 nmethods=3619 adapters=483
 compilation: enabled

Compilation events (10 events):
Event: 16.524 Thread 0x0000000015406800 3856       3       org.eclipse.xtext.linking.impl.DefaultLinkingService::registerImportedNamesAdapter (52 bytes)
Event: 16.525 Thread 0x0000000015406800 nmethod 3856 0x0000000003cea3d0 code [0x0000000003cea580, 0x0000000003ceadb8]
Event: 16.525 Thread 0x0000000015406800 3857       3       org.eclipse.xtext.linking.impl.DefaultLinkingService::unRegisterImportedNamesAdapter (43 bytes)
Event: 16.525 Thread 0x0000000015406800 nmethod 3857 0x0000000003ceaf90 code [0x0000000003ceb140, 0x0000000003ceb928]
Event: 16.525 Thread 0x0000000015406800 3855       1       org.eclipse.xtext.linking.lazy.LazyLinkingResource::getLinkingService (5 bytes)
Event: 16.526 Thread 0x0000000015406800 nmethod 3855 0x0000000003cebad0 code [0x0000000003cebc20, 0x0000000003cebd30]
Event: 16.527 Thread 0x0000000015406800 3858       1       java.nio.DirectByteBuffer::isDirect (2 bytes)
Event: 16.527 Thread 0x0000000015406800 nmethod 3858 0x0000000003cebd90 code [0x0000000003cebee0, 0x0000000003cebff0]
Event: 16.529 Thread 0x0000000015406800 3859       2       java.lang.Iterable::forEach (39 bytes)
Event: 16.530 Thread 0x0000000015406800 nmethod 3859 0x0000000003cec050 code [0x0000000003cec200, 0x0000000003cec508]

GC Heap History (10 events):
Event: 3.315 GC heap before
{Heap before GC invocations=4 (full 0):
 PSYoungGen      total 34304K, used 34304K [0x00000000eb580000, 0x00000000ef880000, 0x0000000100000000)
  eden space 31744K, 100% used [0x00000000eb580000,0x00000000ed480000,0x00000000ed480000)
  from space 2560K, 100% used [0x00000000ed480000,0x00000000ed700000,0x00000000ed700000)
  to   space 2560K, 0% used [0x00000000ef600000,0x00000000ef600000,0x00000000ef880000)
 ParOldGen       total 42496K, used 8894K [0x00000000c2000000, 0x00000000c4980000, 0x00000000eb580000)
  object space 42496K, 20% used [0x00000000c2000000,0x00000000c28af960,0x00000000c4980000)
 Metaspace       used 11663K, capacity 11786K, committed 11904K, reserved 1058816K
  class space    used 1504K, capacity 1559K, committed 1664K, reserved 1048576K
Event: 3.333 GC heap after
Heap after GC invocations=4 (full 0):
 PSYoungGen      total 66048K, used 2544K [0x00000000eb580000, 0x00000000ef880000, 0x0000000100000000)
  eden space 63488K, 0% used [0x00000000eb580000,0x00000000eb580000,0x00000000ef380000)
  from space 2560K, 99% used [0x00000000ef600000,0x00000000ef87c010,0x00000000ef880000)
  to   space 2560K, 0% used [0x00000000ef380000,0x00000000ef380000,0x00000000ef600000)
 ParOldGen       total 42496K, used 14582K [0x00000000c2000000, 0x00000000c4980000, 0x00000000eb580000)
  object space 42496K, 34% used [0x00000000c2000000,0x00000000c2e3db58,0x00000000c4980000)
 Metaspace       used 11663K, capacity 11786K, committed 11904K, reserved 1058816K
  class space    used 1504K, capacity 1559K, committed 1664K, reserved 1048576K
}
Event: 7.117 GC heap before
{Heap before GC invocations=5 (full 0):
 PSYoungGen      total 66048K, used 66032K [0x00000000eb580000, 0x00000000ef880000, 0x0000000100000000)
  eden space 63488K, 100% used [0x00000000eb580000,0x00000000ef380000,0x00000000ef380000)
  from space 2560K, 99% used [0x00000000ef600000,0x00000000ef87c010,0x00000000ef880000)
  to   space 2560K, 0% used [0x00000000ef380000,0x00000000ef380000,0x00000000ef600000)
 ParOldGen       total 42496K, used 14582K [0x00000000c2000000, 0x00000000c4980000, 0x00000000eb580000)
  object space 42496K, 34% used [0x00000000c2000000,0x00000000c2e3db58,0x00000000c4980000)
 Metaspace       used 18504K, capacity 18720K, committed 18944K, reserved 1064960K
  class space    used 2424K, capacity 2480K, committed 2560K, reserved 1048576K
Event: 7.167 GC heap after
Heap after GC invocations=5 (full 0):
 PSYoungGen      total 66048K, used 2528K [0x00000000eb580000, 0x00000000f4e80000, 0x0000000100000000)
  eden space 63488K, 0% used [0x00000000eb580000,0x00000000eb580000,0x00000000ef380000)
  from space 2560K, 98% used [0x00000000ef380000,0x00000000ef5f8010,0x00000000ef600000)
  to   space 14848K, 0% used [0x00000000f4000000,0x00000000f4000000,0x00000000f4e80000)
 ParOldGen       total 42496K, used 25240K [0x00000000c2000000, 0x00000000c4980000, 0x00000000eb580000)
  object space 42496K, 59% used [0x00000000c2000000,0x00000000c38a6168,0x00000000c4980000)
 Metaspace       used 18504K, capacity 18720K, committed 18944K, reserved 1064960K
  class space    used 2424K, capacity 2480K, committed 2560K, reserved 1048576K
}
Event: 10.584 GC heap before
{Heap before GC invocations=6 (full 0):
 PSYoungGen      total 66048K, used 27505K [0x00000000eb580000, 0x00000000f4e80000, 0x0000000100000000)
  eden space 63488K, 39% used [0x00000000eb580000,0x00000000ecde4528,0x00000000ef380000)
  from space 2560K, 98% used [0x00000000ef380000,0x00000000ef5f8010,0x00000000ef600000)
  to   space 14848K, 0% used [0x00000000f4000000,0x00000000f4000000,0x00000000f4e80000)
 ParOldGen       total 42496K, used 25240K [0x00000000c2000000, 0x00000000c4980000, 0x00000000eb580000)
  object space 42496K, 59% used [0x00000000c2000000,0x00000000c38a6168,0x00000000c4980000)
 Metaspace       used 20812K, capacity 21034K, committed 21248K, reserved 1067008K
  class space    used 2657K, capacity 2711K, committed 2816K, reserved 1048576K
Event: 10.622 GC heap after
Heap after GC invocations=6 (full 0):
 PSYoungGen      total 140800K, used 4600K [0x00000000eb580000, 0x00000000f4d80000, 0x0000000100000000)
  eden space 126976K, 0% used [0x00000000eb580000,0x00000000eb580000,0x00000000f3180000)
  from space 13824K, 33% used [0x00000000f4000000,0x00000000f447e120,0x00000000f4d80000)
  to   space 14336K, 0% used [0x00000000f3180000,0x00000000f3180000,0x00000000f3f80000)
 ParOldGen       total 42496K, used 25240K [0x00000000c2000000, 0x00000000c4980000, 0x00000000eb580000)
  object space 42496K, 59% used [0x00000000c2000000,0x00000000c38a6168,0x00000000c4980000)
 Metaspace       used 20812K, capacity 21034K, committed 21248K, reserved 1067008K
  class space    used 2657K, capacity 2711K, committed 2816K, reserved 1048576K
}
Event: 10.623 GC heap before
{Heap before GC invocations=7 (full 1):
 PSYoungGen      total 140800K, used 4600K [0x00000000eb580000, 0x00000000f4d80000, 0x0000000100000000)
  eden space 126976K, 0% used [0x00000000eb580000,0x00000000eb580000,0x00000000f3180000)
  from space 13824K, 33% used [0x00000000f4000000,0x00000000f447e120,0x00000000f4d80000)
  to   space 14336K, 0% used [0x00000000f3180000,0x00000000f3180000,0x00000000f3f80000)
 ParOldGen       total 42496K, used 25240K [0x00000000c2000000, 0x00000000c4980000, 0x00000000eb580000)
  object space 42496K, 59% used [0x00000000c2000000,0x00000000c38a6168,0x00000000c4980000)
 Metaspace       used 20812K, capacity 21034K, committed 21248K, reserved 1067008K
  class space    used 2657K, capacity 2711K, committed 2816K, reserved 1048576K
Event: 10.873 GC heap after
Heap after GC invocations=7 (full 1):
 PSYoungGen      total 140800K, used 0K [0x00000000eb580000, 0x00000000f4d80000, 0x0000000100000000)
  eden space 126976K, 0% used [0x00000000eb580000,0x00000000eb580000,0x00000000f3180000)
  from space 13824K, 0% used [0x00000000f4000000,0x00000000f4000000,0x00000000f4d80000)
  to   space 14336K, 0% used [0x00000000f3180000,0x00000000f3180000,0x00000000f3f80000)
 ParOldGen       total 65536K, used 28155K [0x00000000c2000000, 0x00000000c6000000, 0x00000000eb580000)
  object space 65536K, 42% used [0x00000000c2000000,0x00000000c3b7efb8,0x00000000c6000000)
 Metaspace       used 20812K, capacity 21034K, committed 21248K, reserved 1067008K
  class space    used 2657K, capacity 2711K, committed 2816K, reserved 1048576K
}
Event: 14.882 GC heap before
{Heap before GC invocations=8 (full 1):
 PSYoungGen      total 140800K, used 126976K [0x00000000eb580000, 0x00000000f4d80000, 0x0000000100000000)
  eden space 126976K, 100% used [0x00000000eb580000,0x00000000f3180000,0x00000000f3180000)
  from space 13824K, 0% used [0x00000000f4000000,0x00000000f4000000,0x00000000f4d80000)
  to   space 14336K, 0% used [0x00000000f3180000,0x00000000f3180000,0x00000000f3f80000)
 ParOldGen       total 65536K, used 28155K [0x00000000c2000000, 0x00000000c6000000, 0x00000000eb580000)
  object space 65536K, 42% used [0x00000000c2000000,0x00000000c3b7efb8,0x00000000c6000000)
 Metaspace       used 22615K, capacity 22881K, committed 23168K, reserved 1069056K
  class space    used 2759K, capacity 2837K, committed 2944K, reserved 1048576K
Event: 14.912 GC heap after
Heap after GC invocations=8 (full 1):
 PSYoungGen      total 141312K, used 1572K [0x00000000eb580000, 0x00000000f7b80000, 0x0000000100000000)
  eden space 126976K, 0% used [0x00000000eb580000,0x00000000eb580000,0x00000000f3180000)
  from space 14336K, 10% used [0x00000000f3180000,0x00000000f3309388,0x00000000f3f80000)
  to   space 14848K, 0% used [0x00000000f6d00000,0x00000000f6d00000,0x00000000f7b80000)
 ParOldGen       total 65536K, used 28163K [0x00000000c2000000, 0x00000000c6000000, 0x00000000eb580000)
  object space 65536K, 42% used [0x00000000c2000000,0x00000000c3b80fb8,0x00000000c6000000)
 Metaspace       used 22615K, capacity 22881K, committed 23168K, reserved 1069056K
  class space    used 2759K, capacity 2837K, committed 2944K, reserved 1048576K
}

Deoptimization events (10 events):
Event: 14.146 Thread 0x0000000016cf6800 Uncommon trap: reason=class_check action=maybe_recompile pc=0x0000000003c51210 method=org.uqbar.project.wollok.model.WollokModelExtensions.getPackage(Lorg/uqbar/project/wollok/wollokDsl/WMethodContainer;)Lorg/uqbar/project/wollok/wollokDsl/WPackage; @ 3
Event: 14.146 Thread 0x0000000016cf6800 Uncommon trap: reason=class_check action=maybe_recompile pc=0x0000000003c236a4 method=org.uqbar.project.wollok.model.WollokModelExtensions.declaringContext(Lorg/uqbar/project/wollok/wollokDsl/WMethodDeclaration;)Lorg/uqbar/project/wollok/wollokDsl/WMethod
Event: 14.146 Thread 0x0000000016cf6800 Uncommon trap: reason=class_check action=maybe_recompile pc=0x0000000003c51210 method=org.uqbar.project.wollok.model.WollokModelExtensions.getPackage(Lorg/uqbar/project/wollok/wollokDsl/WMethodContainer;)Lorg/uqbar/project/wollok/wollokDsl/WPackage; @ 3
Event: 14.146 Thread 0x0000000016cf6800 Uncommon trap: reason=class_check action=maybe_recompile pc=0x0000000003c236a4 method=org.uqbar.project.wollok.model.WollokModelExtensions.declaringContext(Lorg/uqbar/project/wollok/wollokDsl/WMethodDeclaration;)Lorg/uqbar/project/wollok/wollokDsl/WMethod
Event: 14.147 Thread 0x0000000016cf6800 Uncommon trap: reason=class_check action=maybe_recompile pc=0x0000000003c51210 method=org.uqbar.project.wollok.model.WollokModelExtensions.getPackage(Lorg/uqbar/project/wollok/wollokDsl/WMethodContainer;)Lorg/uqbar/project/wollok/wollokDsl/WPackage; @ 3
Event: 14.147 Thread 0x0000000016cf6800 Uncommon trap: reason=class_check action=maybe_recompile pc=0x0000000003c61fa4 method=org.uqbar.project.wollok.model.WollokModelExtensions.getPackage(Lorg/uqbar/project/wollok/wollokDsl/WMethodContainer;)Lorg/uqbar/project/wollok/wollokDsl/WPackage; @ 3
Event: 14.915 Thread 0x0000000016cf6800 Uncommon trap: reason=unstable_if action=reinterpret pc=0x00000000032acc90 method=org.eclipse.emf.common.util.Pool.access(ZLorg/eclipse/emf/common/util/Pool$AccessUnit;)V @ 48
Event: 14.916 Thread 0x0000000016cf6800 Uncommon trap: reason=unstable_if action=reinterpret pc=0x0000000003274138 method=org.eclipse.emf.common.util.Pool.access(ZLorg/eclipse/emf/common/util/Pool$AccessUnit;)V @ 48
Event: 15.878 Thread 0x0000000016cf6800 Uncommon trap: reason=predicate action=maybe_recompile pc=0x0000000003cd35a4 method=java.util.AbstractCollection.toArray([Ljava/lang/Object;)[Ljava/lang/Object; @ 49
Event: 16.523 Thread 0x0000000016cf6800 Uncommon trap: reason=predicate action=maybe_recompile pc=0x0000000003bccbbc method=java.lang.Iterable.forEach(Ljava/util/function/Consumer;)V @ 21

Classes redefined (0 events):
No events

Internal exceptions (10 events):
Event: 7.484 Thread 0x0000000002ec6000 Exception <a 'java/lang/reflect/InvocationTargetException'> (0x00000000ebbed0f0) thrown at [C:\re\workspace\8-2-build-windows-amd64-cygwin\jdk8u221\13320\hotspot\src\share\vm\runtime\reflection.cpp, line 1092]
Event: 7.486 Thread 0x0000000002ec6000 Exception <a 'java/lang/reflect/InvocationTargetException'> (0x00000000ebc06f98) thrown at [C:\re\workspace\8-2-build-windows-amd64-cygwin\jdk8u221\13320\hotspot\src\share\vm\runtime\reflection.cpp, line 1092]
Event: 7.493 Thread 0x0000000002ec6000 Exception <a 'java/lang/reflect/InvocationTargetException'> (0x00000000ebc5a460) thrown at [C:\re\workspace\8-2-build-windows-amd64-cygwin\jdk8u221\13320\hotspot\src\share\vm\runtime\reflection.cpp, line 1092]
Event: 9.736 Thread 0x0000000002ec6000 Exception <a 'java/security/PrivilegedActionException'> (0x00000000ec8bfac0) thrown at [C:\re\workspace\8-2-build-windows-amd64-cygwin\jdk8u221\13320\hotspot\src\share\vm\prims\jvm.cpp, line 1502]
Event: 9.736 Thread 0x0000000002ec6000 Exception <a 'java/security/PrivilegedActionException'> (0x00000000ec8c0ff0) thrown at [C:\re\workspace\8-2-build-windows-amd64-cygwin\jdk8u221\13320\hotspot\src\share\vm\prims\jvm.cpp, line 1502]
Event: 9.736 Thread 0x0000000002ec6000 Exception <a 'java/security/PrivilegedActionException'> (0x00000000ec8c2420) thrown at [C:\re\workspace\8-2-build-windows-amd64-cygwin\jdk8u221\13320\hotspot\src\share\vm\prims\jvm.cpp, line 1502]
Event: 9.736 Thread 0x0000000002ec6000 Exception <a 'java/security/PrivilegedActionException'> (0x00000000ec8c3ae0) thrown at [C:\re\workspace\8-2-build-windows-amd64-cygwin\jdk8u221\13320\hotspot\src\share\vm\prims\jvm.cpp, line 1502]
Event: 9.736 Thread 0x0000000002ec6000 Exception <a 'java/security/PrivilegedActionException'> (0x00000000ec8c4ed8) thrown at [C:\re\workspace\8-2-build-windows-amd64-cygwin\jdk8u221\13320\hotspot\src\share\vm\prims\jvm.cpp, line 1502]
Event: 9.736 Thread 0x0000000002ec6000 Exception <a 'java/security/PrivilegedActionException'> (0x00000000ec8c62a0) thrown at [C:\re\workspace\8-2-build-windows-amd64-cygwin\jdk8u221\13320\hotspot\src\share\vm\prims\jvm.cpp, line 1502]
Event: 11.046 Thread 0x0000000016cf6800 Implicit null exception at 0x000000000331f780 to 0x000000000331fdb9

Events (10 events):
Event: 14.916 Thread 0x0000000016cf6800 DEOPT PACKING pc=0x0000000003274138 sp=0x000000001ac1cf10
Event: 14.916 Thread 0x0000000016cf6800 DEOPT UNPACKING pc=0x00000000030e583b sp=0x000000001ac1cec0 mode 2
Event: 15.324 loading class wollok/lang/WNumber$2
Event: 15.324 loading class wollok/lang/WNumber$2 done
Event: 15.878 Thread 0x0000000016cf6800 Uncommon trap: trap_request=0xffffff86 fr.pc=0x0000000003cd35a4
Event: 15.878 Thread 0x0000000016cf6800 DEOPT PACKING pc=0x0000000003cd35a4 sp=0x000000001ac18110
Event: 15.878 Thread 0x0000000016cf6800 DEOPT UNPACKING pc=0x00000000030e583b sp=0x000000001ac180a0 mode 2
Event: 16.523 Thread 0x0000000016cf6800 Uncommon trap: trap_request=0xffffff86 fr.pc=0x0000000003bccbbc
Event: 16.523 Thread 0x0000000016cf6800 DEOPT PACKING pc=0x0000000003bccbbc sp=0x000000001ac1ecc0
Event: 16.523 Thread 0x0000000016cf6800 DEOPT UNPACKING pc=0x00000000030e583b sp=0x000000001ac1ec80 mode 2


Dynamic libraries:
0x00007ff798d80000 - 0x00007ff798db7000 	C:\Program Files\Java\jre1.8.0_221\bin\javaw.exe
0x00007ffed4b80000 - 0x00007ffed4d70000 	C:\WINDOWS\SYSTEM32\ntdll.dll
0x00007ffed3850000 - 0x00007ffed3902000 	C:\WINDOWS\System32\KERNEL32.DLL
0x00007ffed25d0000 - 0x00007ffed2873000 	C:\WINDOWS\System32\KERNELBASE.dll
0x00007ffed3b40000 - 0x00007ffed3be3000 	C:\WINDOWS\System32\ADVAPI32.dll
0x00007ffed40b0000 - 0x00007ffed414e000 	C:\WINDOWS\System32\msvcrt.dll
0x00007ffed2df0000 - 0x00007ffed2e87000 	C:\WINDOWS\System32\sechost.dll
0x00007ffed3bf0000 - 0x00007ffed3d10000 	C:\WINDOWS\System32\RPCRT4.dll
0x00007ffed48c0000 - 0x00007ffed4a53000 	C:\WINDOWS\System32\USER32.dll
0x00007ffed2a80000 - 0x00007ffed2aa1000 	C:\WINDOWS\System32\win32u.dll
0x00007ffed46b0000 - 0x00007ffed46d6000 	C:\WINDOWS\System32\GDI32.dll
0x00007ffed2880000 - 0x00007ffed2a14000 	C:\WINDOWS\System32\gdi32full.dll
0x00007ffed1c80000 - 0x00007ffed1d1e000 	C:\WINDOWS\System32\msvcp_win.dll
0x00007ffed2b30000 - 0x00007ffed2c2a000 	C:\WINDOWS\System32\ucrtbase.dll
0x00007ffebf400000 - 0x00007ffebf685000 	C:\WINDOWS\WinSxS\amd64_microsoft.windows.common-controls_6595b64144ccf1df_6.0.18362.356_none_e6c4af7d130f27cc\COMCTL32.dll
0x00007ffed3d70000 - 0x00007ffed40a6000 	C:\WINDOWS\System32\combase.dll
0x00007ffed2ab0000 - 0x00007ffed2b30000 	C:\WINDOWS\System32\bcryptPrimitives.dll
0x00007ffed4200000 - 0x00007ffed422e000 	C:\WINDOWS\System32\IMM32.DLL
0x0000000070a10000 - 0x0000000070ae2000 	C:\Program Files\Java\jre1.8.0_221\bin\msvcr100.dll
0x0000000070bd0000 - 0x0000000071475000 	C:\Program Files\Java\jre1.8.0_221\bin\server\jvm.dll
0x00007ffed46a0000 - 0x00007ffed46a8000 	C:\WINDOWS\System32\PSAPI.DLL
0x00007ffecb930000 - 0x00007ffecb939000 	C:\WINDOWS\SYSTEM32\WSOCK32.dll
0x00007ffed4760000 - 0x00007ffed47cf000 	C:\WINDOWS\System32\WS2_32.dll
0x00007ffece650000 - 0x00007ffece674000 	C:\WINDOWS\SYSTEM32\WINMM.dll
0x00007ffec84c0000 - 0x00007ffec84ca000 	C:\WINDOWS\SYSTEM32\VERSION.dll
0x00007ffece620000 - 0x00007ffece64d000 	C:\WINDOWS\SYSTEM32\WINMMBASE.dll
0x00007ffed1d20000 - 0x00007ffed1d6a000 	C:\WINDOWS\System32\cfgmgr32.dll
0x00007ffecb4b0000 - 0x00007ffecb4bf000 	C:\Program Files\Java\jre1.8.0_221\bin\verify.dll
0x00007ffec9bf0000 - 0x00007ffec9c19000 	C:\Program Files\Java\jre1.8.0_221\bin\java.dll
0x00007ffec94e0000 - 0x00007ffec94f6000 	C:\Program Files\Java\jre1.8.0_221\bin\zip.dll
0x00007ffed2ea0000 - 0x00007ffed3585000 	C:\WINDOWS\System32\SHELL32.dll
0x00007ffed4150000 - 0x00007ffed41f9000 	C:\WINDOWS\System32\shcore.dll
0x00007ffed1e50000 - 0x00007ffed25ce000 	C:\WINDOWS\System32\windows.storage.dll
0x00007ffed1aa0000 - 0x00007ffed1abf000 	C:\WINDOWS\System32\profapi.dll
0x00007ffed1ac0000 - 0x00007ffed1b0a000 	C:\WINDOWS\System32\powrprof.dll
0x00007ffed1a50000 - 0x00007ffed1a60000 	C:\WINDOWS\System32\UMPDC.dll
0x00007ffed3d10000 - 0x00007ffed3d62000 	C:\WINDOWS\System32\shlwapi.dll
0x00007ffed1a80000 - 0x00007ffed1a91000 	C:\WINDOWS\System32\kernel.appcore.dll
0x00007ffed1b10000 - 0x00007ffed1b27000 	C:\WINDOWS\System32\cryptsp.dll
0x0000000065580000 - 0x0000000065616000 	C:\Users\Rouse\AppData\Local\Temp\libgdxRouse\12dfaa03\gdx64.dll
0x00007ffed0e30000 - 0x00007ffed0e63000 	C:\WINDOWS\system32\rsaenh.dll
0x00007ffed1e20000 - 0x00007ffed1e46000 	C:\WINDOWS\System32\bcrypt.dll
0x00007ffed1940000 - 0x00007ffed1965000 	C:\WINDOWS\SYSTEM32\USERENV.dll
0x00007ffed1490000 - 0x00007ffed149c000 	C:\WINDOWS\SYSTEM32\CRYPTBASE.dll
0x00007ffec8110000 - 0x00007ffec812a000 	C:\Program Files\Java\jre1.8.0_221\bin\net.dll
0x00007ffec6310000 - 0x00007ffec64e6000 	C:\WINDOWS\SYSTEM32\urlmon.dll
0x00007ffec6610000 - 0x00007ffec68b6000 	C:\WINDOWS\SYSTEM32\iertutil.dll
0x00007ffed12c0000 - 0x00007ffed1327000 	C:\WINDOWS\system32\mswsock.dll
0x00007ffed0fd0000 - 0x00007ffed100a000 	C:\WINDOWS\SYSTEM32\IPHLPAPI.DLL
0x00007ffed2e90000 - 0x00007ffed2e98000 	C:\WINDOWS\System32\NSI.dll
0x00007ffec9180000 - 0x00007ffec9196000 	C:\WINDOWS\SYSTEM32\dhcpcsvc6.DLL
0x00007ffec93e0000 - 0x00007ffec93fc000 	C:\WINDOWS\SYSTEM32\dhcpcsvc.DLL
0x00007ffed1020000 - 0x00007ffed10ea000 	C:\WINDOWS\SYSTEM32\DNSAPI.dll
0x00007ffec7540000 - 0x00007ffec7552000 	C:\Program Files\Java\jre1.8.0_221\bin\nio.dll
0x0000000180000000 - 0x0000000180053000 	C:\Users\Rouse\AppData\Local\Temp\libgdxRouse\dc0f0009\lwjgl64.dll
0x00007ffec8190000 - 0x00007ffec82e6000 	C:\WINDOWS\SYSTEM32\OPENGL32.dll
0x00007ffecc7f0000 - 0x00007ffecc81c000 	C:\WINDOWS\SYSTEM32\GLU32.dll
0x00007ffed0600000 - 0x00007ffed0620000 	C:\WINDOWS\SYSTEM32\dxcore.dll
0x0000000002fc0000 - 0x0000000003024000 	C:\Users\Rouse\AppData\Local\Temp\libgdxRouse\dc0f0009\OpenAL64.dll
0x00007ffed2c30000 - 0x00007ffed2d86000 	C:\WINDOWS\System32\ole32.dll
0x00007ffecfcf0000 - 0x00007ffecfd89000 	C:\WINDOWS\system32\uxtheme.dll
0x00007ffed3590000 - 0x00007ffed3632000 	C:\WINDOWS\System32\clbcatq.dll
0x00007ffeb9870000 - 0x00007ffeb9909000 	C:\WINDOWS\SYSTEM32\dsound.dll
0x00007ffec8f40000 - 0x00007ffec8fb8000 	C:\WINDOWS\System32\MMDevApi.dll
0x00007ffed1850000 - 0x00007ffed187a000 	C:\WINDOWS\System32\DEVOBJ.dll
0x00007ffec84d0000 - 0x00007ffec862d000 	C:\WINDOWS\SYSTEM32\AUDIOSES.DLL
0x00007ffed4a60000 - 0x00007ffed4b24000 	C:\WINDOWS\System32\OLEAUT32.dll
0x00007ffecdab0000 - 0x00007ffecdc03000 	C:\WINDOWS\SYSTEM32\wintypes.dll
0x00007ffecfde0000 - 0x00007ffecfdf4000 	C:\WINDOWS\SYSTEM32\resourcepolicyclient.dll
0x00007ffecd6c0000 - 0x00007ffecd76e000 	C:\WINDOWS\SYSTEM32\mscms.dll
0x00007ffecd6a0000 - 0x00007ffecd6b7000 	C:\WINDOWS\SYSTEM32\ColorAdapterClient.dll
0x00007ffeca630000 - 0x00007ffeca64a000 	C:\Windows\System32\Windows.Internal.Graphics.Display.DisplayColorManagement.dll
0x00007ffed3a00000 - 0x00007ffed3b35000 	C:\WINDOWS\System32\MSCTF.dll
0x00007ffeab400000 - 0x00007ffeabc31000 	C:\WINDOWS\SYSTEM32\ig7icd64.dll
0x00007ffecbe00000 - 0x00007ffecc265000 	C:\WINDOWS\SYSTEM32\igdusc64.dll
0x00007ffece470000 - 0x00007ffece483000 	C:\WINDOWS\SYSTEM32\WTSAPI32.dll
0x00007ffed0060000 - 0x00007ffed008d000 	C:\WINDOWS\SYSTEM32\dwmapi.dll
0x00007ffec7b30000 - 0x00007ffec7bce000 	C:\WINDOWS\System32\TextInputFramework.dll
0x00007ffecdc10000 - 0x00007ffecdf3a000 	C:\WINDOWS\System32\CoreUIComponents.dll
0x00007ffecf5f0000 - 0x00007ffecf6c4000 	C:\WINDOWS\System32\CoreMessaging.dll
0x00007ffed0ab0000 - 0x00007ffed0ae1000 	C:\WINDOWS\SYSTEM32\ntmarta.dll
0x00007ffece270000 - 0x00007ffece2b3000 	C:\WINDOWS\SYSTEM32\icm32.dll
0x00007ffed0690000 - 0x00007ffed077b000 	C:\WINDOWS\SYSTEM32\dxgi.dll
0x00007ffecf1b0000 - 0x00007ffecf40b000 	C:\WINDOWS\SYSTEM32\d3d11.dll
0x00007ffec0010000 - 0x00007ffec0bb2000 	C:\WINDOWS\SYSTEM32\igd10iumd64.dll
0x00007ffed1590000 - 0x00007ffed15b6000 	C:\WINDOWS\SYSTEM32\ncrypt.dll
0x00007ffed1550000 - 0x00007ffed158b000 	C:\WINDOWS\SYSTEM32\NTASN1.dll

VM Arguments:
jvm_args: -Duser.language=es_AR -Dfile.encoding=UTF-8 
java_command: org.uqbar.project.wollok.launch.WollokLauncher -requestsPort 0 -eventsPort 0 -folder -dontValidate -wf src/game.wpgm
java_class_path (initial): C:\Users\Rouse\Documents\unahur\Segundo_Cuatrimestre.2019\Objetos_1\granjaVilla\granjavilla-RosaAlfonso1993\bin;C:\Users\Rouse\Documents\EXTRAS\wollok\plugins\com.ibm.icu_56.1.0.v201601250100.jar;C:\Users\Rouse\Documents\EXTRAS\wollok\plugins\org.eclipse.xtext_2.11.0.v20170130-0808.jar;C:\Users\Rouse\Documents\EXTRAS\wollok\plugins\org.eclipse.emf.ecore.xmi_2.12.0.v20160420-0247.jar;C:\Users\Rouse\Documents\EXTRAS\wollok\plugins\org.eclipse.emf.ecore_2.12.0.v20160420-0247.jar;C:\Users\Rouse\Documents\EXTRAS\wollok\plugins\org.eclipse.emf.common_2.12.0.v20160420-0247.jar;C:\Users\Rouse\Documents\EXTRAS\wollok\plugins\org.antlr.runtime_3.2.0.v201101311130.jar;C:\Users\Rouse\Documents\EXTRAS\wollok\plugins\com.google.inject_3.0.0.v201605172100.jar;C:\Users\Rouse\Documents\EXTRAS\wollok\plugins\org.eclipse.emf.mwe.core_1.5.0.201906111547.jar;C:\Users\Rouse\Documents\EXTRAS\wollok\plugins\org.apache.commons.cli_1.2.0.v201404270220.jar;C:\Users\Rouse\Documents\EXTRAS\wollok\plugins\org.eclipse.emf.mwe2.runtime_2.11.0.201906111547.jar;C:\Users\Rouse\Documents\EXTRAS\wollok\plugins\org.eclipse.emf.mwe.utils_1.5.0.201906111547.jar;C:\Users\Rouse\Documents\EXTRAS\wollok\plugins\org.eclipse.xtext.util_2.11.0.v20170130-0808.jar;C:\Users\Rouse\Documents\EXTRAS\wollok\plugins\com.google.guava_15.0.0.v201403281430.jar;C:\Users\Rouse\Documents\EXTRAS\wollok\plugins\javax.inject_1.0.0.v20091030.jar;C:\Users\Rouse\Documents\EXTRAS\wollok\plugins\org.eclipse.xtext.generator_2.11.0.v20170131-1210.jar;C:\Users\Rouse\Documents\EXTRAS\wollok\plugins\org.eclipse.xtext.xtext.generator_2.11.0.v20170130-0808.jar;C:\Users\Rouse\Documents\EXTRAS\wollok\plugins\org.eclipse.xtext.xbase.lib_2.11.0.v20170124-1424.jar;C:\Users\Rouse\Documents\EXTRAS\wollok\plugins\org.eclipse.emf.codegen.ecore_2.12.0.v20160526-0356.jar;C:\Users\Rouse\Documents\EXTRAS\wollok\plugins\org.eclipse.emf.codegen_2.11.0.v20160526-0356.jar;C:\Users\Rouse\Documents\EXTRAS\wollok\plugins\org.eclips
Launcher Type: SUN_STANDARD

Environment Variables:
PATH=C:/Program Files/Java/jre1.8.0_221/bin/server;C:/Program Files/Java/jre1.8.0_221/bin;C:/Program Files/Java/jre1.8.0_221/lib/amd64;C:\Program Files (x86)\Common Files\Oracle\Java\javapath;C:\ProgramData\Oracle\Java\javapath;C:\Program Files (x86)\Intel\iCLS Client\;C:\Program Files\Intel\iCLS Client\;C:\WINDOWS\system32;C:\WINDOWS;C:\WINDOWS\System32\Wbem;C:\WINDOWS\System32\WindowsPowerShell\v1.0\;C:\Program Files\Intel\Intel(R) Management Engine Components\DAL;C:\Program Files\Intel\Intel(R) Management Engine Components\IPT;C:\Program Files (x86)\Intel\Intel(R) Management Engine Components\DAL;C:\Program Files (x86)\Intel\Intel(R) Management Engine Components\IPT;C:\Program Files (x86)\Intel\OpenCL SDK\2.0\bin\x86;C:\Program Files (x86)\Intel\OpenCL SDK\2.0\bin\x64;C:\WINDOWS\System32\OpenSSH\;C:\Program Files\Git\cmd;C:\Users\Rouse\AppData\Local\Programs\Python\Python37\Scripts\;C:\Users\Rouse\AppData\Local\Programs\Python\Python37\;C:\Users\Rouse\AppData\Local\Programs\Microsoft VS Code\bin;%USERPROFILE%\AppData\Local\Microsoft\WindowsApps;;C:\Users\Rouse\Documents\EXTRAS\wollok;
USERNAME=Rouse
OS=Windows_NT
PROCESSOR_IDENTIFIER=Intel64 Family 6 Model 58 Stepping 9, GenuineIntel



---------------  S Y S T E M  ---------------

OS: Windows 10.0 , 64 bit Build 18362 (10.0.18362.329)

CPU:total 2 (initial active 2) (2 cores per cpu, 1 threads per core) family 6 model 58 stepping 9, cmov, cx8, fxsr, mmx, sse, sse2, sse3, ssse3, sse4.1, sse4.2, popcnt, clmul, erms, tsc, tscinvbit, tscinv

Memory: 4k page, physical 4056852k(330684k free), swap 5481236k(2996k free)

vm_info: Java HotSpot(TM) 64-Bit Server VM (25.221-b11) for windows-amd64 JRE (1.8.0_221-b11), built on Jul  4 2019 04:39:29 by "java_re" with MS VC++ 10.0 (VS2010)

time: Thu Oct 03 21:07:06 2019
timezone: Hora estándar de Argentina
elapsed time: 16 seconds (0d 0h 0m 16s)

